[10:13:55.335] - 0:0:0:0:0:0:0:1:web::http://localhost:8081/spring/main
[10:13:55.514] - 0:0:0:0:0:0:0:1:web::http://localhost:8081/spring/resources/css/main-style.css
[10:13:55.624] - 0:0:0:0:0:0:0:1:web::http://localhost:8081/spring/resources/js/main/main.js
[10:13:55.625] - 0:0:0:0:0:0:0:1:web::http://localhost:8081/spring/resources/images/top_logo.jpg
[10:13:55.675] - 0:0:0:0:0:0:0:1:web::http://localhost:8081/spring/member/selectAll
[10:14:06.387] - 0:0:0:0:0:0:0:1:web::http://localhost:8081/spring/member/selectAll
[10:14:16.380] - 0:0:0:0:0:0:0:1:web::http://localhost:8081/spring/member/selectAll
[10:14:26.392] - 0:0:0:0:0:0:0:1:web::http://localhost:8081/spring/member/selectAll
[10:14:36.389] - 0:0:0:0:0:0:0:1:web::http://localhost:8081/spring/member/selectAll
[10:14:46.380] - 0:0:0:0:0:0:0:1:web::http://localhost:8081/spring/member/selectAll
[10:14:56.383] - 0:0:0:0:0:0:0:1:web::http://localhost:8081/spring/member/selectAll
[10:15:06.392] - 0:0:0:0:0:0:0:1:web::http://localhost:8081/spring/member/selectAll
[10:15:16.382] - 0:0:0:0:0:0:0:1:web::http://localhost:8081/spring/member/selectAll
[10:44:11.614] - 0:0:0:0:0:0:0:1:web::http://localhost:8081/spring/member/selectAll
[10:45:08.436] - 0:0:0:0:0:0:0:1:web::http://localhost:8081/spring/member/selectAll
[10:46:08.461] - 0:0:0:0:0:0:0:1:web::http://localhost:8081/spring/member/selectAll
[10:47:57.575] - 0:0:0:0:0:0:0:1:web::http://localhost:8081/spring/member/selectAll
[10:49:18.833] - 0:0:0:0:0:0:0:1:web::http://localhost:8081/spring/member/selectAll
[10:49:26.394] - 0:0:0:0:0:0:0:1:web::http://localhost:8081/spring/member/selectAll
[10:49:46.563] - 0:0:0:0:0:0:0:1:web::http://localhost:8081/spring/member/selectAll
[10:49:56.378] - 0:0:0:0:0:0:0:1:web::http://localhost:8081/spring/member/selectAll
[10:50:06.392] - 0:0:0:0:0:0:0:1:web::http://localhost:8081/spring/member/selectAll
[10:50:16.393] - 0:0:0:0:0:0:0:1:web::http://localhost:8081/spring/member/selectAll
[10:50:26.387] - 0:0:0:0:0:0:0:1:web::http://localhost:8081/spring/member/selectAll
[11:05:08.435] - 0:0:0:0:0:0:0:1:web::http://localhost:8081/spring/member/selectAll
[11:06:08.455] - 0:0:0:0:0:0:0:1:web::http://localhost:8081/spring/member/selectAll
[11:07:08.401] - 0:0:0:0:0:0:0:1:web::http://localhost:8081/spring/member/selectAll
[11:08:08.393] - 0:0:0:0:0:0:0:1:web::http://localhost:8081/spring/member/selectAll
[11:09:08.463] - 0:0:0:0:0:0:0:1:web::http://localhost:8081/spring/member/selectAll
[11:10:08.386] - 0:0:0:0:0:0:0:1:web::http://localhost:8081/spring/member/selectAll
[11:11:08.384] - 0:0:0:0:0:0:0:1:web::http://localhost:8081/spring/member/selectAll
[11:12:08.440] - 0:0:0:0:0:0:0:1:web::http://localhost:8081/spring/member/selectAll
[11:13:08.449] - 0:0:0:0:0:0:0:1:web::http://localhost:8081/spring/member/selectAll
[11:14:08.446] - 0:0:0:0:0:0:0:1:web::http://localhost:8081/spring/member/selectAll
[11:15:08.451] - 0:0:0:0:0:0:0:1:web::http://localhost:8081/spring/member/selectAll
[11:17:08.445] - 0:0:0:0:0:0:0:1:web::http://localhost:8081/spring/member/selectAll
[11:23:08.487] - 0:0:0:0:0:0:0:1:web::http://localhost:8081/spring/member/selectAll
[11:24:08.393] - 0:0:0:0:0:0:0:1:web::http://localhost:8081/spring/member/selectAll
[11:25:08.392] - 0:0:0:0:0:0:0:1:web::http://localhost:8081/spring/member/selectAll
[11:26:08.402] - 0:0:0:0:0:0:0:1:web::http://localhost:8081/spring/member/selectAll
[11:27:08.391] - 0:0:0:0:0:0:0:1:web::http://localhost:8081/spring/member/selectAll
[11:28:08.462] - 0:0:0:0:0:0:0:1:web::http://localhost:8081/spring/member/selectAll
[11:29:08.395] - 0:0:0:0:0:0:0:1:web::http://localhost:8081/spring/member/selectAll
[11:30:08.386] - 0:0:0:0:0:0:0:1:web::http://localhost:8081/spring/member/selectAll
[11:31:08.393] - 0:0:0:0:0:0:0:1:web::http://localhost:8081/spring/member/selectAll
[11:32:08.388] - 0:0:0:0:0:0:0:1:web::http://localhost:8081/spring/member/selectAll
[11:33:08.386] - 0:0:0:0:0:0:0:1:web::http://localhost:8081/spring/member/selectAll
[11:37:13.871] - 0:0:0:0:0:0:0:1:web::http://localhost:8081/spring/main
[11:37:14.164] - 0:0:0:0:0:0:0:1:web::http://localhost:8081/spring/member/selectAll
[11:37:24.084] - 0:0:0:0:0:0:0:1:web::http://localhost:8081/spring/member/selectAll
[11:37:34.078] - 0:0:0:0:0:0:0:1:web::http://localhost:8081/spring/member/selectAll
[11:37:44.071] - 0:0:0:0:0:0:0:1:web::http://localhost:8081/spring/member/selectAll
[11:37:54.084] - 0:0:0:0:0:0:0:1:web::http://localhost:8081/spring/member/selectAll
[11:38:04.081] - 0:0:0:0:0:0:0:1:web::http://localhost:8081/spring/member/selectAll
[11:38:14.075] - 0:0:0:0:0:0:0:1:web::http://localhost:8081/spring/member/selectAll
[11:38:24.074] - 0:0:0:0:0:0:0:1:web::http://localhost:8081/spring/member/selectAll
[11:38:34.086] - 0:0:0:0:0:0:0:1:web::http://localhost:8081/spring/member/selectAll
[11:38:44.078] - 0:0:0:0:0:0:0:1:web::http://localhost:8081/spring/member/selectAll
[11:38:54.084] - 0:0:0:0:0:0:0:1:web::http://localhost:8081/spring/member/selectAll
[11:39:04.084] - 0:0:0:0:0:0:0:1:web::http://localhost:8081/spring/member/selectAll
[11:39:14.083] - 0:0:0:0:0:0:0:1:web::http://localhost:8081/spring/member/selectAll
[11:39:24.087] - 0:0:0:0:0:0:0:1:web::http://localhost:8081/spring/member/selectAll
[11:39:34.074] - 0:0:0:0:0:0:0:1:web::http://localhost:8081/spring/member/selectAll
[11:39:44.084] - 0:0:0:0:0:0:0:1:web::http://localhost:8081/spring/member/selectAll
[11:39:54.074] - 0:0:0:0:0:0:0:1:web::http://localhost:8081/spring/member/selectAll
[11:40:04.079] - 0:0:0:0:0:0:0:1:web::http://localhost:8081/spring/member/selectAll
[11:40:14.084] - 0:0:0:0:0:0:0:1:web::http://localhost:8081/spring/member/selectAll
[11:40:24.083] - 0:0:0:0:0:0:0:1:web::http://localhost:8081/spring/member/selectAll
[11:40:34.071] - 0:0:0:0:0:0:0:1:web::http://localhost:8081/spring/member/selectAll
[11:40:44.078] - 0:0:0:0:0:0:0:1:web::http://localhost:8081/spring/member/selectAll
[11:40:54.080] - 0:0:0:0:0:0:0:1:web::http://localhost:8081/spring/member/selectAll
[11:41:10.298] - 0:0:0:0:0:0:0:1:web::http://localhost:8081/spring/member/selectAll
[11:41:14.077] - 0:0:0:0:0:0:0:1:web::http://localhost:8081/spring/member/selectAll
[11:41:24.072] - 0:0:0:0:0:0:0:1:web::http://localhost:8081/spring/member/selectAll
[11:41:34.078] - 0:0:0:0:0:0:0:1:web::http://localhost:8081/spring/member/selectAll
[11:41:44.078] - 0:0:0:0:0:0:0:1:web::http://localhost:8081/spring/member/selectAll
[11:41:54.076] - 0:0:0:0:0:0:0:1:web::http://localhost:8081/spring/member/selectAll
[11:42:04.071] - 0:0:0:0:0:0:0:1:web::http://localhost:8081/spring/member/selectAll
[11:42:14.082] - 0:0:0:0:0:0:0:1:web::http://localhost:8081/spring/member/selectAll
[11:48:16.156] - 0:0:0:0:0:0:0:1:web::http://localhost:8081/spring/member/selectAll
[11:48:24.083] - 0:0:0:0:0:0:0:1:web::http://localhost:8081/spring/member/selectAll
[11:48:34.086] - 0:0:0:0:0:0:0:1:web::http://localhost:8081/spring/member/selectAll
[11:48:44.071] - 0:0:0:0:0:0:0:1:web::http://localhost:8081/spring/member/selectAll
[11:48:54.082] - 0:0:0:0:0:0:0:1:web::http://localhost:8081/spring/member/selectAll
[11:49:04.086] - 0:0:0:0:0:0:0:1:web::http://localhost:8081/spring/member/selectAll
[11:49:14.074] - 0:0:0:0:0:0:0:1:web::http://localhost:8081/spring/member/selectAll
[11:49:24.089] - 0:0:0:0:0:0:0:1:web::http://localhost:8081/spring/member/selectAll
[11:49:34.090] - 0:0:0:0:0:0:0:1:web::http://localhost:8081/spring/member/selectAll
[11:49:44.074] - 0:0:0:0:0:0:0:1:web::http://localhost:8081/spring/member/selectAll
[11:49:54.081] - 0:0:0:0:0:0:0:1:web::http://localhost:8081/spring/member/selectAll
[11:50:04.088] - 0:0:0:0:0:0:0:1:web::http://localhost:8081/spring/member/selectAll
[11:50:14.074] - 0:0:0:0:0:0:0:1:web::http://localhost:8081/spring/member/selectAll
[11:50:24.078] - 0:0:0:0:0:0:0:1:web::http://localhost:8081/spring/member/selectAll
[11:50:34.386] - 0:0:0:0:0:0:0:1:web::http://localhost:8081/spring/member/selectAll
[11:50:44.383] - 0:0:0:0:0:0:0:1:web::http://localhost:8081/spring/member/selectAll
[11:50:54.378] - 0:0:0:0:0:0:0:1:web::http://localhost:8081/spring/member/selectAll
[11:51:04.391] - 0:0:0:0:0:0:0:1:web::http://localhost:8081/spring/member/selectAll
[11:51:14.392] - 0:0:0:0:0:0:0:1:web::http://localhost:8081/spring/member/selectAll
[11:51:24.386] - 0:0:0:0:0:0:0:1:web::http://localhost:8081/spring/member/selectAll
[11:52:08.391] - 0:0:0:0:0:0:0:1:web::http://localhost:8081/spring/member/selectAll
[11:53:08.390] - 0:0:0:0:0:0:0:1:web::http://localhost:8081/spring/member/selectAll
[11:54:08.390] - 0:0:0:0:0:0:0:1:web::http://localhost:8081/spring/member/selectAll
[11:55:08.401] - 0:0:0:0:0:0:0:1:web::http://localhost:8081/spring/member/selectAll
[11:56:08.397] - 0:0:0:0:0:0:0:1:web::http://localhost:8081/spring/member/selectAll
[11:57:08.398] - 0:0:0:0:0:0:0:1:web::http://localhost:8081/spring/member/selectAll
[11:58:08.401] - 0:0:0:0:0:0:0:1:web::http://localhost:8081/spring/member/selectAll
[11:59:08.394] - 0:0:0:0:0:0:0:1:web::http://localhost:8081/spring/member/selectAll
[12:00:08.401] - 0:0:0:0:0:0:0:1:web::http://localhost:8081/spring/member/selectAll
[12:01:08.392] - 0:0:0:0:0:0:0:1:web::http://localhost:8081/spring/member/selectAll
[12:02:08.391] - 0:0:0:0:0:0:0:1:web::http://localhost:8081/spring/member/selectAll
[12:03:08.388] - 0:0:0:0:0:0:0:1:web::http://localhost:8081/spring/member/selectAll
[12:04:08.380] - 0:0:0:0:0:0:0:1:web::http://localhost:8081/spring/member/selectAll
[12:05:08.380] - 0:0:0:0:0:0:0:1:web::http://localhost:8081/spring/member/selectAll
[12:06:08.389] - 0:0:0:0:0:0:0:1:web::http://localhost:8081/spring/member/selectAll
[12:07:08.389] - 0:0:0:0:0:0:0:1:web::http://localhost:8081/spring/member/selectAll
[12:08:08.386] - 0:0:0:0:0:0:0:1:web::http://localhost:8081/spring/member/selectAll
[12:09:08.395] - 0:0:0:0:0:0:0:1:web::http://localhost:8081/spring/member/selectAll
[12:10:08.398] - 0:0:0:0:0:0:0:1:web::http://localhost:8081/spring/member/selectAll
[12:11:08.388] - 0:0:0:0:0:0:0:1:web::http://localhost:8081/spring/member/selectAll
[12:12:08.396] - 0:0:0:0:0:0:0:1:web::http://localhost:8081/spring/member/selectAll
[12:13:08.392] - 0:0:0:0:0:0:0:1:web::http://localhost:8081/spring/member/selectAll
[12:14:08.387] - 0:0:0:0:0:0:0:1:web::http://localhost:8081/spring/member/selectAll
[12:15:08.399] - 0:0:0:0:0:0:0:1:web::http://localhost:8081/spring/member/selectAll
[13:47:50.121] - 0:0:0:0:0:0:0:1:web::http://localhost:8081/spring/main
[13:47:50.392] - 0:0:0:0:0:0:0:1:web::http://localhost:8081/spring/member/selectAll
[13:48:00.394] - 0:0:0:0:0:0:0:1:web::http://localhost:8081/spring/member/selectAll
[13:48:10.399] - 0:0:0:0:0:0:0:1:web::http://localhost:8081/spring/member/selectAll
[13:48:20.394] - 0:0:0:0:0:0:0:1:web::http://localhost:8081/spring/member/selectAll
[13:48:30.401] - 0:0:0:0:0:0:0:1:web::http://localhost:8081/spring/member/selectAll
[13:48:40.403] - 0:0:0:0:0:0:0:1:web::http://localhost:8081/spring/member/selectAll
[13:48:50.404] - 0:0:0:0:0:0:0:1:web::http://localhost:8081/spring/member/selectAll
[13:49:00.401] - 0:0:0:0:0:0:0:1:web::http://localhost:8081/spring/member/selectAll
[13:49:10.404] - 0:0:0:0:0:0:0:1:web::http://localhost:8081/spring/member/selectAll
[13:49:20.413] - 0:0:0:0:0:0:0:1:web::http://localhost:8081/spring/member/selectAll
[13:49:30.400] - 0:0:0:0:0:0:0:1:web::http://localhost:8081/spring/member/selectAll
[13:49:40.404] - 0:0:0:0:0:0:0:1:web::http://localhost:8081/spring/member/selectAll
[13:49:50.404] - 0:0:0:0:0:0:0:1:web::http://localhost:8081/spring/member/selectAll
[13:50:00.392] - 0:0:0:0:0:0:0:1:web::http://localhost:8081/spring/member/selectAll
[13:50:10.407] - 0:0:0:0:0:0:0:1:web::http://localhost:8081/spring/member/selectAll
[13:50:20.405] - 0:0:0:0:0:0:0:1:web::http://localhost:8081/spring/member/selectAll
[13:50:30.392] - 0:0:0:0:0:0:0:1:web::http://localhost:8081/spring/member/selectAll
[13:50:40.402] - 0:0:0:0:0:0:0:1:web::http://localhost:8081/spring/member/selectAll
[13:50:50.397] - 0:0:0:0:0:0:0:1:web::http://localhost:8081/spring/member/selectAll
[13:51:00.393] - 0:0:0:0:0:0:0:1:web::http://localhost:8081/spring/member/selectAll
[13:51:10.405] - 0:0:0:0:0:0:0:1:web::http://localhost:8081/spring/member/selectAll
[13:51:20.400] - 0:0:0:0:0:0:0:1:web::http://localhost:8081/spring/member/selectAll
[13:51:30.396] - 0:0:0:0:0:0:0:1:web::http://localhost:8081/spring/member/selectAll
[13:51:40.398] - 0:0:0:0:0:0:0:1:web::http://localhost:8081/spring/member/selectAll
[13:51:50.409] - 0:0:0:0:0:0:0:1:web::http://localhost:8081/spring/member/selectAll
[13:52:00.400] - 0:0:0:0:0:0:0:1:web::http://localhost:8081/spring/member/selectAll
[13:52:10.395] - 0:0:0:0:0:0:0:1:web::http://localhost:8081/spring/member/selectAll
[13:52:20.412] - 0:0:0:0:0:0:0:1:web::http://localhost:8081/spring/member/selectAll
[13:52:30.396] - 0:0:0:0:0:0:0:1:web::http://localhost:8081/spring/member/selectAll
[13:52:40.404] - 0:0:0:0:0:0:0:1:web::http://localhost:8081/spring/member/selectAll
[13:52:50.399] - 0:0:0:0:0:0:0:1:web::http://localhost:8081/spring/member/selectAll
[13:53:00.398] - 0:0:0:0:0:0:0:1:web::http://localhost:8081/spring/member/selectAll
[13:53:10.410] - 0:0:0:0:0:0:0:1:web::http://localhost:8081/spring/member/selectAll
[13:53:20.405] - 0:0:0:0:0:0:0:1:web::http://localhost:8081/spring/member/selectAll
[13:53:30.407] - 0:0:0:0:0:0:0:1:web::http://localhost:8081/spring/member/selectAll
[13:53:40.397] - 0:0:0:0:0:0:0:1:web::http://localhost:8081/spring/member/selectAll
[13:53:50.409] - 0:0:0:0:0:0:0:1:web::http://localhost:8081/spring/member/selectAll
[13:54:00.403] - 0:0:0:0:0:0:0:1:web::http://localhost:8081/spring/member/selectAll
[13:54:10.399] - 0:0:0:0:0:0:0:1:web::http://localhost:8081/spring/member/selectAll
[13:54:20.397] - 0:0:0:0:0:0:0:1:web::http://localhost:8081/spring/member/selectAll
[13:54:30.393] - 0:0:0:0:0:0:0:1:web::http://localhost:8081/spring/member/selectAll
[13:54:40.406] - 0:0:0:0:0:0:0:1:web::http://localhost:8081/spring/member/selectAll
[13:54:50.404] - 0:0:0:0:0:0:0:1:web::http://localhost:8081/spring/member/selectAll
[13:55:00.400] - 0:0:0:0:0:0:0:1:web::http://localhost:8081/spring/member/selectAll
[13:55:10.408] - 0:0:0:0:0:0:0:1:web::http://localhost:8081/spring/member/selectAll
[13:55:20.398] - 0:0:0:0:0:0:0:1:web::http://localhost:8081/spring/member/selectAll
[13:55:30.394] - 0:0:0:0:0:0:0:1:web::http://localhost:8081/spring/member/selectAll
[13:55:40.408] - 0:0:0:0:0:0:0:1:web::http://localhost:8081/spring/member/selectAll
[13:55:50.399] - 0:0:0:0:0:0:0:1:web::http://localhost:8081/spring/member/selectAll
[13:56:00.395] - 0:0:0:0:0:0:0:1:web::http://localhost:8081/spring/member/selectAll
[13:56:10.399] - 0:0:0:0:0:0:0:1:web::http://localhost:8081/spring/member/selectAll
[13:56:20.407] - 0:0:0:0:0:0:0:1:web::http://localhost:8081/spring/member/selectAll
[13:56:30.402] - 0:0:0:0:0:0:0:1:web::http://localhost:8081/spring/member/selectAll
[13:56:40.402] - 0:0:0:0:0:0:0:1:web::http://localhost:8081/spring/member/selectAll
[13:56:50.401] - 0:0:0:0:0:0:0:1:web::http://localhost:8081/spring/member/selectAll
[13:57:00.411] - 0:0:0:0:0:0:0:1:web::http://localhost:8081/spring/member/selectAll
[13:57:10.392] - 0:0:0:0:0:0:0:1:web::http://localhost:8081/spring/member/selectAll
[13:57:20.404] - 0:0:0:0:0:0:0:1:web::http://localhost:8081/spring/member/selectAll
[13:57:30.404] - 0:0:0:0:0:0:0:1:web::http://localhost:8081/spring/member/selectAll
[13:57:40.405] - 0:0:0:0:0:0:0:1:web::http://localhost:8081/spring/member/selectAll
[13:57:50.402] - 0:0:0:0:0:0:0:1:web::http://localhost:8081/spring/member/selectAll
[13:58:00.413] - 0:0:0:0:0:0:0:1:web::http://localhost:8081/spring/member/selectAll
[13:58:10.393] - 0:0:0:0:0:0:0:1:web::http://localhost:8081/spring/member/selectAll
[13:58:20.406] - 0:0:0:0:0:0:0:1:web::http://localhost:8081/spring/member/selectAll
[13:58:30.397] - 0:0:0:0:0:0:0:1:web::http://localhost:8081/spring/member/selectAll
[13:58:40.400] - 0:0:0:0:0:0:0:1:web::http://localhost:8081/spring/member/selectAll
[13:58:50.397] - 0:0:0:0:0:0:0:1:web::http://localhost:8081/spring/member/selectAll
[13:59:00.410] - 0:0:0:0:0:0:0:1:web::http://localhost:8081/spring/member/selectAll
[13:59:10.398] - 0:0:0:0:0:0:0:1:web::http://localhost:8081/spring/member/selectAll
[13:59:20.400] - 0:0:0:0:0:0:0:1:web::http://localhost:8081/spring/member/selectAll
[13:59:30.399] - 0:0:0:0:0:0:0:1:web::http://localhost:8081/spring/member/selectAll
[13:59:40.395] - 0:0:0:0:0:0:0:1:web::http://localhost:8081/spring/member/selectAll
[13:59:50.397] - 0:0:0:0:0:0:0:1:web::http://localhost:8081/spring/member/selectAll
[14:00:00.403] - 0:0:0:0:0:0:0:1:web::http://localhost:8081/spring/member/selectAll
[14:00:10.400] - 0:0:0:0:0:0:0:1:web::http://localhost:8081/spring/member/selectAll
[14:00:20.403] - 0:0:0:0:0:0:0:1:web::http://localhost:8081/spring/member/selectAll
[14:00:30.406] - 0:0:0:0:0:0:0:1:web::http://localhost:8081/spring/member/selectAll
[14:00:40.405] - 0:0:0:0:0:0:0:1:web::http://localhost:8081/spring/member/selectAll
[14:00:50.405] - 0:0:0:0:0:0:0:1:web::http://localhost:8081/spring/member/selectAll
[14:01:00.398] - 0:0:0:0:0:0:0:1:web::http://localhost:8081/spring/member/selectAll
[14:01:10.407] - 0:0:0:0:0:0:0:1:web::http://localhost:8081/spring/member/selectAll
[14:01:20.400] - 0:0:0:0:0:0:0:1:web::http://localhost:8081/spring/member/selectAll
[14:01:30.410] - 0:0:0:0:0:0:0:1:web::http://localhost:8081/spring/member/selectAll
[14:01:40.401] - 0:0:0:0:0:0:0:1:web::http://localhost:8081/spring/member/selectAll
[14:01:50.412] - 0:0:0:0:0:0:0:1:web::http://localhost:8081/spring/member/selectAll
[14:02:00.404] - 0:0:0:0:0:0:0:1:web::http://localhost:8081/spring/member/selectAll
[14:02:10.396] - 0:0:0:0:0:0:0:1:web::http://localhost:8081/spring/member/selectAll
[14:02:20.399] - 0:0:0:0:0:0:0:1:web::http://localhost:8081/spring/member/selectAll
[14:02:30.393] - 0:0:0:0:0:0:0:1:web::http://localhost:8081/spring/member/selectAll
[14:02:40.402] - 0:0:0:0:0:0:0:1:web::http://localhost:8081/spring/member/selectAll
[14:02:50.403] - 0:0:0:0:0:0:0:1:web::http://localhost:8081/spring/member/selectAll
[14:03:00.398] - 0:0:0:0:0:0:0:1:web::http://localhost:8081/spring/member/selectAll
[14:03:10.404] - 0:0:0:0:0:0:0:1:web::http://localhost:8081/spring/member/selectAll
[14:03:20.406] - 0:0:0:0:0:0:0:1:web::http://localhost:8081/spring/member/selectAll
[14:03:30.400] - 0:0:0:0:0:0:0:1:web::http://localhost:8081/spring/member/selectAll
[14:03:40.395] - 0:0:0:0:0:0:0:1:web::http://localhost:8081/spring/member/selectAll
[14:03:50.395] - 0:0:0:0:0:0:0:1:web::http://localhost:8081/spring/member/selectAll
[14:04:00.406] - 0:0:0:0:0:0:0:1:web::http://localhost:8081/spring/member/selectAll
[14:04:10.405] - 0:0:0:0:0:0:0:1:web::http://localhost:8081/spring/member/selectAll
[14:04:20.408] - 0:0:0:0:0:0:0:1:web::http://localhost:8081/spring/member/selectAll
[14:04:30.403] - 0:0:0:0:0:0:0:1:web::http://localhost:8081/spring/member/selectAll
[14:04:40.404] - 0:0:0:0:0:0:0:1:web::http://localhost:8081/spring/member/selectAll
[14:04:50.398] - 0:0:0:0:0:0:0:1:web::http://localhost:8081/spring/member/selectAll
[14:05:00.402] - 0:0:0:0:0:0:0:1:web::http://localhost:8081/spring/member/selectAll
[14:05:10.396] - 0:0:0:0:0:0:0:1:web::http://localhost:8081/spring/member/selectAll
[14:05:20.402] - 0:0:0:0:0:0:0:1:web::http://localhost:8081/spring/member/selectAll
[14:05:30.398] - 0:0:0:0:0:0:0:1:web::http://localhost:8081/spring/member/selectAll
[14:05:40.394] - 0:0:0:0:0:0:0:1:web::http://localhost:8081/spring/member/selectAll
[14:05:50.399] - 0:0:0:0:0:0:0:1:web::http://localhost:8081/spring/member/selectAll
[14:06:00.412] - 0:0:0:0:0:0:0:1:web::http://localhost:8081/spring/member/selectAll
[14:06:10.402] - 0:0:0:0:0:0:0:1:web::http://localhost:8081/spring/member/selectAll
[14:06:20.400] - 0:0:0:0:0:0:0:1:web::http://localhost:8081/spring/member/selectAll
[14:06:30.406] - 0:0:0:0:0:0:0:1:web::http://localhost:8081/spring/member/selectAll
[14:06:40.395] - 0:0:0:0:0:0:0:1:web::http://localhost:8081/spring/member/selectAll
[14:06:50.403] - 0:0:0:0:0:0:0:1:web::http://localhost:8081/spring/member/selectAll
[14:07:00.405] - 0:0:0:0:0:0:0:1:web::http://localhost:8081/spring/member/selectAll
[14:07:10.406] - 0:0:0:0:0:0:0:1:web::http://localhost:8081/spring/member/selectAll
[14:07:20.401] - 0:0:0:0:0:0:0:1:web::http://localhost:8081/spring/member/selectAll
[14:07:30.399] - 0:0:0:0:0:0:0:1:web::http://localhost:8081/spring/member/selectAll
[14:07:40.397] - 0:0:0:0:0:0:0:1:web::http://localhost:8081/spring/member/selectAll
[14:07:50.402] - 0:0:0:0:0:0:0:1:web::http://localhost:8081/spring/member/selectAll
[14:08:00.405] - 0:0:0:0:0:0:0:1:web::http://localhost:8081/spring/member/selectAll
[14:08:10.404] - 0:0:0:0:0:0:0:1:web::http://localhost:8081/spring/member/selectAll
[14:08:20.400] - 0:0:0:0:0:0:0:1:web::http://localhost:8081/spring/member/selectAll
[14:08:30.397] - 0:0:0:0:0:0:0:1:web::http://localhost:8081/spring/member/selectAll
[14:08:40.400] - 0:0:0:0:0:0:0:1:web::http://localhost:8081/spring/member/selectAll
[14:08:50.404] - 0:0:0:0:0:0:0:1:web::http://localhost:8081/spring/member/selectAll
[14:09:00.411] - 0:0:0:0:0:0:0:1:web::http://localhost:8081/spring/member/selectAll
[14:09:10.404] - 0:0:0:0:0:0:0:1:web::http://localhost:8081/spring/member/selectAll
[14:09:20.405] - 0:0:0:0:0:0:0:1:web::http://localhost:8081/spring/member/selectAll
[14:09:30.397] - 0:0:0:0:0:0:0:1:web::http://localhost:8081/spring/member/selectAll
[14:09:40.394] - 0:0:0:0:0:0:0:1:web::http://localhost:8081/spring/member/selectAll
[14:09:50.403] - 0:0:0:0:0:0:0:1:web::http://localhost:8081/spring/member/selectAll
[14:10:00.402] - 0:0:0:0:0:0:0:1:web::http://localhost:8081/spring/member/selectAll
[14:10:10.405] - 0:0:0:0:0:0:0:1:web::http://localhost:8081/spring/member/selectAll
[14:10:20.407] - 0:0:0:0:0:0:0:1:web::http://localhost:8081/spring/member/selectAll
[14:10:30.398] - 0:0:0:0:0:0:0:1:web::http://localhost:8081/spring/member/selectAll
[14:10:40.411] - 0:0:0:0:0:0:0:1:web::http://localhost:8081/spring/member/selectAll
[14:10:50.399] - 0:0:0:0:0:0:0:1:web::http://localhost:8081/spring/member/selectAll
[14:11:00.410] - 0:0:0:0:0:0:0:1:web::http://localhost:8081/spring/member/selectAll
[14:11:10.403] - 0:0:0:0:0:0:0:1:web::http://localhost:8081/spring/member/selectAll
[14:11:20.397] - 0:0:0:0:0:0:0:1:web::http://localhost:8081/spring/member/selectAll
[14:11:30.403] - 0:0:0:0:0:0:0:1:web::http://localhost:8081/spring/member/selectAll
[14:11:40.395] - 0:0:0:0:0:0:0:1:web::http://localhost:8081/spring/member/selectAll
[14:11:50.395] - 0:0:0:0:0:0:0:1:web::http://localhost:8081/spring/member/selectAll
[14:12:00.398] - 0:0:0:0:0:0:0:1:web::http://localhost:8081/spring/member/selectAll
[14:12:10.398] - 0:0:0:0:0:0:0:1:web::http://localhost:8081/spring/member/selectAll
[14:12:20.396] - 0:0:0:0:0:0:0:1:web::http://localhost:8081/spring/member/selectAll
[14:12:30.402] - 0:0:0:0:0:0:0:1:web::http://localhost:8081/spring/member/selectAll
[14:12:40.408] - 0:0:0:0:0:0:0:1:web::http://localhost:8081/spring/member/selectAll
[14:12:50.393] - 0:0:0:0:0:0:0:1:web::http://localhost:8081/spring/member/selectAll
[14:13:00.406] - 0:0:0:0:0:0:0:1:web::http://localhost:8081/spring/member/selectAll
[14:13:10.406] - 0:0:0:0:0:0:0:1:web::http://localhost:8081/spring/member/selectAll
[14:13:20.396] - 0:0:0:0:0:0:0:1:web::http://localhost:8081/spring/member/selectAll
[14:13:30.397] - 0:0:0:0:0:0:0:1:web::http://localhost:8081/spring/member/selectAll
[14:13:40.403] - 0:0:0:0:0:0:0:1:web::http://localhost:8081/spring/member/selectAll
[14:13:50.405] - 0:0:0:0:0:0:0:1:web::http://localhost:8081/spring/member/selectAll
[14:14:00.406] - 0:0:0:0:0:0:0:1:web::http://localhost:8081/spring/member/selectAll
[14:14:10.407] - 0:0:0:0:0:0:0:1:web::http://localhost:8081/spring/member/selectAll
[14:14:20.403] - 0:0:0:0:0:0:0:1:web::http://localhost:8081/spring/member/selectAll
[14:14:30.405] - 0:0:0:0:0:0:0:1:web::http://localhost:8081/spring/member/selectAll
[14:14:41.387] - 0:0:0:0:0:0:0:1:web::http://localhost:8081/spring/member/selectAll
[14:14:51.386] - 0:0:0:0:0:0:0:1:web::http://localhost:8081/spring/member/selectAll
[14:15:01.389] - 0:0:0:0:0:0:0:1:web::http://localhost:8081/spring/member/selectAll
[14:15:11.390] - 0:0:0:0:0:0:0:1:web::http://localhost:8081/spring/member/selectAll
[14:15:21.386] - 0:0:0:0:0:0:0:1:web::http://localhost:8081/spring/member/selectAll
[14:15:31.381] - 0:0:0:0:0:0:0:1:web::http://localhost:8081/spring/member/selectAll
[14:16:08.388] - 0:0:0:0:0:0:0:1:web::http://localhost:8081/spring/member/selectAll
[14:17:08.395] - 0:0:0:0:0:0:0:1:web::http://localhost:8081/spring/member/selectAll
[14:18:08.389] - 0:0:0:0:0:0:0:1:web::http://localhost:8081/spring/member/selectAll
[14:19:08.402] - 0:0:0:0:0:0:0:1:web::http://localhost:8081/spring/member/selectAll
[14:40:08.499] - 0:0:0:0:0:0:0:1:web::http://localhost:8081/spring/member/selectAll
[14:40:10.400] - 0:0:0:0:0:0:0:1:web::http://localhost:8081/spring/member/selectAll
[14:40:20.399] - 0:0:0:0:0:0:0:1:web::http://localhost:8081/spring/member/selectAll
[14:40:30.396] - 0:0:0:0:0:0:0:1:web::http://localhost:8081/spring/member/selectAll
[14:40:40.405] - 0:0:0:0:0:0:0:1:web::http://localhost:8081/spring/member/selectAll
[14:40:50.402] - 0:0:0:0:0:0:0:1:web::http://localhost:8081/spring/member/selectAll
[14:41:00.405] - 0:0:0:0:0:0:0:1:web::http://localhost:8081/spring/member/selectAll
[14:41:10.396] - 0:0:0:0:0:0:0:1:web::http://localhost:8081/spring/member/selectAll
[14:41:20.401] - 0:0:0:0:0:0:0:1:web::http://localhost:8081/spring/member/selectAll
[14:41:30.397] - 0:0:0:0:0:0:0:1:web::http://localhost:8081/spring/member/selectAll
[14:41:40.397] - 0:0:0:0:0:0:0:1:web::http://localhost:8081/spring/member/selectAll
[14:41:50.407] - 0:0:0:0:0:0:0:1:web::http://localhost:8081/spring/member/selectAll
[14:42:00.394] - 0:0:0:0:0:0:0:1:web::http://localhost:8081/spring/member/selectAll
[14:42:10.399] - 0:0:0:0:0:0:0:1:web::http://localhost:8081/spring/member/selectAll
[14:42:20.407] - 0:0:0:0:0:0:0:1:web::http://localhost:8081/spring/member/selectAll
[14:42:30.411] - 0:0:0:0:0:0:0:1:web::http://localhost:8081/spring/member/selectAll
[14:42:40.402] - 0:0:0:0:0:0:0:1:web::http://localhost:8081/spring/member/selectAll
[14:42:50.408] - 0:0:0:0:0:0:0:1:web::http://localhost:8081/spring/member/selectAll
[14:43:00.401] - 0:0:0:0:0:0:0:1:web::http://localhost:8081/spring/member/selectAll
[14:43:11.386] - 0:0:0:0:0:0:0:1:web::http://localhost:8081/spring/member/selectAll
[14:43:21.386] - 0:0:0:0:0:0:0:1:web::http://localhost:8081/spring/member/selectAll
[14:43:31.428] - 0:0:0:0:0:0:0:1:web::http://localhost:8081/spring/member/selectAll
[14:43:41.389] - 0:0:0:0:0:0:0:1:web::http://localhost:8081/spring/member/selectAll
[14:43:51.387] - 0:0:0:0:0:0:0:1:web::http://localhost:8081/spring/member/selectAll
[14:44:01.400] - 0:0:0:0:0:0:0:1:web::http://localhost:8081/spring/member/selectAll
[14:45:02.396] - 0:0:0:0:0:0:0:1:web::http://localhost:8081/spring/member/selectAll
[15:07:16.285] - 0:0:0:0:0:0:0:1:web::http://localhost:8081/spring/member/selectAll
[15:07:22.480] - 0:0:0:0:0:0:0:1:web::http://localhost:8081/spring/member/selectAll
[15:07:24.280] - 0:0:0:0:0:0:0:1:web::http://localhost:8081/spring/main
[15:07:24.495] - 0:0:0:0:0:0:0:1:web::http://localhost:8081/spring/member/selectAll
[15:07:25.969] - 0:0:0:0:0:0:0:1:web::http://localhost:8081/spring/board/list/N
[15:07:26.183] - 0:0:0:0:0:0:0:1:web::http://localhost:8081/spring/resources/images/user.jpg
